<?xml version="1.0" encoding="UTF-8" standalone="no"?>
<!DOCTYPE log SYSTEM "logger.dtd">
<log>
<record>
  <date>2024-12-05T11:39:46.924158600Z</date>
  <millis>1733398786924</millis>
  <nanos>158600</nanos>
  <sequence>0</sequence>
  <logger>CLI.Main</logger>
  <level>INFO</level>
  <class>CLI.Main</class>
  <method>main</method>
  <thread>1</thread>
  <message>Loading Real Time Ticketing System </message>
</record>
<record>
  <date>2024-12-05T11:39:50.035313100Z</date>
  <millis>1733398790035</millis>
  <nanos>313100</nanos>
  <sequence>1</sequence>
  <logger>CLI.Main</logger>
  <level>INFO</level>
  <class>CLI.Main</class>
  <method>main</method>
  <thread>1</thread>
  <message>Creatingnull file.</message>
</record>
<record>
  <date>2024-12-05T11:44:07.559583900Z</date>
  <millis>1733399047559</millis>
  <nanos>583900</nanos>
  <sequence>84</sequence>
  <logger>CLI.Main</logger>
  <level>INFO</level>
  <class>CLI.Main</class>
  <method>threadRunning</method>
  <thread>1</thread>
  <message>ALL tasks completed.</message>
</record>
<record>
  <date>2024-12-05T11:44:07.561582500Z</date>
  <millis>1733399047561</millis>
  <nanos>582500</nanos>
  <sequence>85</sequence>
  <logger>CLI.Main</logger>
  <level>INFO</level>
  <class>CLI.Main</class>
  <method>main</method>
  <thread>1</thread>
  <message>User is exiting the program.</message>
</record>
</log>
